1 {
  1: "WebcastRoomMessage"
  2 {
    1 {
      1: "WebcastRoomMessage"
      2: 7162149188705718259
      3: 7162088427356261153
      4: 1667567805425
    }
    2: "\346\254\242\350\277\216\346\235\245\345\210\260\347\233\264\346\222\255\351\227\264\357\274\201\346\212\226\351\237\263\344\270\245\347\246\201\346\234\252\346\210\220\345\271\264\344\272\272\347\233\264\346\222\255\346\210\226\346\211\223\350\265\217\343\200\202\347\233\264\346\222\255\351\227\264\345\206\205\344\270\245\347\246\201\345\207\272\347\216\260\350\277\235\346\263\225\350\277\235\350\247\204\343\200\201\344\275\216\344\277\227\350\211\262\346\203\205\343\200\201\345\220\270\347\203\237\351\205\227\351\205\222\343\200\201\344\272\272\350\272\253\344\274\244\345\256\263\347\255\211\345\206\205\345\256\271\343\200\202\345\246\202\344\270\273\346\222\255\345\234\250\347\233\264\346\222\255\350\277\207\347\250\213\344\270\255\344\273\245\344\270\215\345\275\223\346\226\271\345\274\217\350\257\261\345\257\274\346\211\223\350\265\217\343\200\201\347\247\201\344\270\213\344\272\244\346\230\223\357\274\214\350\257\267\350\260\250\346\205\216\345\210\244\346\226\255\357\274\214\344\273\245\351\230\262\344\272\272\350\272\253\350\264\242\344\272\247\346\215\237\345\244\261\343\200\202\350\257\267\345\244\247\345\256\266\346\263\250\346\204\217\350\264\242\344\272\247\345\256\211\345\205\250\357\274\214\350\260\250\351\230\262\347\275\221\347\273\234\350\257\210\351\252\227\343\200\202"
    5: 1
  }
  3: 7162149188705718259
}
1 {
  1: "WebcastRoomIntroMessage"
  2 {
    1 {
      1: "WebcastRoomIntroMessage"
      2: 7117103697536619551
      6: 1
    }
    2 {
      1: 101236857786
      2: 1120342117
      3: "dota2\345\206\260\344\271\213\346\236\201\351\231\220"
      4: 1
      9 {
        1: "https://p26.douyinpic.com/aweme/100x100/aweme-avatar/tos-cn-avt-0015_0e6deb8a0e16e4b1760749d260418e3d.jpeg?from=4010531038"
        1: "https://p6.douyinpic.com/aweme/100x100/aweme-avatar/tos-cn-avt-0015_0e6deb8a0e16e4b1760749d260418e3d.jpeg?from=4010531038"
        1: "https://p3.douyinpic.com/aweme/100x100/aweme-avatar/tos-cn-avt-0015_0e6deb8a0e16e4b1760749d260418e3d.jpeg?from=4010531038"
        2: "100x100/aweme-avatar/tos-cn-avt-0015_0e6deb8a0e16e4b1760749d260418e3d"
      }
      21 {
        1: "http://p3-webcast.douyinpic.com/img/webcast/user_grade_level_v5_19.png~tplv-obj.image"
        1: "http://p6-webcast.douyinpic.com/img/webcast/user_grade_level_v5_19.png~tplv-obj.image"
        1: "http://p9-webcast.douyinpic.com/img/webcast/user_grade_level_v5_19.png~tplv-obj.image"
        2: "webcast/user_grade_level_v5_19.png"
        3: 16
        4: 32
        6: 1
        8 {
          3: 19
          4: "\350\215\243\350\252\211\347\255\211\347\272\24719\347\272\247\345\213\213\347\253\240"
        }
      }
      22 {
        1: 17
        2: 10135
      }
      32: ""
      38: "1120342117"
      46: "MS4wLjABAAAA2TxVMeOti0KH1OiR9RLyZ3T_fX-wheyG425Yqw8PIQ4"
      54: 3
      61 {
        1: "http://p3-webcast.douyinpic.com/img/webcast/user_grade_level_v5_19.png~tplv-obj.image"
        1: "http://p6-webcast.douyinpic.com/img/webcast/user_grade_level_v5_19.png~tplv-obj.image"
        1: "http://p9-webcast.douyinpic.com/img/webcast/user_grade_level_v5_19.png~tplv-obj.image"
        2: "webcast/user_grade_level_v5_19.png"
        3: 16
        4: 32
        6: 1
        8 {
          3: 19
          4: "\350\215\243\350\252\211\347\255\211\347\272\24719\347\272\247\345\213\213\347\253\240"
        }
      }
      66: 1
      73: "MS4wLjNDrfADuKogYeEfTiFqJ86aMxWbX1zH2UotG5ftt7HuHEo0EB7y82mkwrx_3UrOxeM"
    }
    4: "\345\234\250\346\246\2349000\345\210\206\357\274\214\344\270\200\344\270\252\346\257\225\347\224\237\350\277\275\346\261\202\350\247\202\344\274\227\346\216\214\345\243\260\347\232\204\350\211\272\346\234\257\345\256\266\357\274\214\346\261\202\345\205\263\346\263\250(\344\270\212\350\275\246\344\270\212\345\210\206\347\247\201\344\277\241)"
    5: "\345\234\250\345\214\227\344\272\254"
    5: "dota2"
  }
  3: 7117103697536619551
}
2: "d-1_u-1_h-1_t-1667567805426_r-1"
3: 1000
4: 1667567805426
5: "internal_src:dim|wss_push_room_id:7162088427356261153|wss_push_did:7161394544687515148|dim_log_id:2022110421164501020803520721A53D10|fetch_time:1667567805426|start_time:0|seq:1|next_cursor:d-1_u-1_h-1_t-1667567805426_r-1|next_live_cursor:u-1_d-1|door:8-n45|wss_info:0-1667567805426-0-0"
6: 1
7 {
  1: "imprp"
  2: "u6C9yJgUDQM2xAXR_ea82oZE3aSUa"
}
10: "wss://webcast3-ws-web-lf.douyin.com/webcast/im/push/"
11: "u-1_d-1"
12: 1
